CRITICAL - 2024-02-21 03:44:59 --> CodeIgniter\Exceptions\FrameworkException: The framework needs the following extension(s) installed and loaded: intl.
in SYSTEMPATH\CodeIgniter.php on line 252.
 1 SYSTEMPATH\CodeIgniter.php(252): CodeIgniter\Exceptions\FrameworkException::forMissingExtension('intl')
 2 SYSTEMPATH\CodeIgniter.php(214): CodeIgniter\CodeIgniter->resolvePlatformExtensions()
 3 FCPATH\index.php(67): CodeIgniter\CodeIgniter->initialize()
CRITICAL - 2024-02-21 03:03:45 --> TypeError: App\Controllers\Home::index(): Return value must be of type string, none returned
in APPPATH\Controllers\Home.php on line 10.
 1 SYSTEMPATH\CodeIgniter.php(941): App\Controllers\Home->index()
 2 SYSTEMPATH\CodeIgniter.php(502): CodeIgniter\CodeIgniter->runController(Object(App\Controllers\Home))
 3 SYSTEMPATH\CodeIgniter.php(361): CodeIgniter\CodeIgniter->handleRequest(null, Object(Config\Cache), false)
 4 FCPATH\index.php(79): CodeIgniter\CodeIgniter->run()
CRITICAL - 2024-02-21 03:05:36 --> TypeError: App\Controllers\Home::index(): Return value must be of type string, none returned
in APPPATH\Controllers\Home.php on line 11.
 1 SYSTEMPATH\CodeIgniter.php(941): App\Controllers\Home->index()
 2 SYSTEMPATH\CodeIgniter.php(502): CodeIgniter\CodeIgniter->runController(Object(App\Controllers\Home))
 3 SYSTEMPATH\CodeIgniter.php(361): CodeIgniter\CodeIgniter->handleRequest(null, Object(Config\Cache), false)
 4 FCPATH\index.php(79): CodeIgniter\CodeIgniter->run()
CRITICAL - 2024-02-21 03:06:48 --> TypeError: App\Controllers\Home::index(): Return value must be of type string, none returned
in APPPATH\Controllers\Home.php on line 11.
 1 SYSTEMPATH\CodeIgniter.php(941): App\Controllers\Home->index()
 2 SYSTEMPATH\CodeIgniter.php(502): CodeIgniter\CodeIgniter->runController(Object(App\Controllers\Home))
 3 SYSTEMPATH\CodeIgniter.php(361): CodeIgniter\CodeIgniter->handleRequest(null, Object(Config\Cache), false)
 4 FCPATH\index.php(79): CodeIgniter\CodeIgniter->run()
CRITICAL - 2024-02-21 03:26:19 --> CodeIgniter\View\Exceptions\ViewException: Invalid file: "tampildata.php"
in SYSTEMPATH\Exceptions\FrameworkException.php on line 39.
 1 SYSTEMPATH\View\View.php(216): CodeIgniter\Exceptions\FrameworkException::forInvalidFile('tampildata.php')
 2 SYSTEMPATH\Common.php(1178): CodeIgniter\View\View->render('tampildata', [], true)
 3 APPPATH\Controllers\Home.php(17): view('tampildata', [...])
 4 SYSTEMPATH\CodeIgniter.php(941): App\Controllers\Home->tampil()
 5 SYSTEMPATH\CodeIgniter.php(502): CodeIgniter\CodeIgniter->runController(Object(App\Controllers\Home))
 6 SYSTEMPATH\CodeIgniter.php(361): CodeIgniter\CodeIgniter->handleRequest(null, Object(Config\Cache), false)
 7 FCPATH\index.php(79): CodeIgniter\CodeIgniter->run()
