CRITICAL - 2024-03-20 01:13:27 --> ErrorException: Declaration of App\Models\ModelMahasiswa::update() must be compatible with CodeIgniter\Model::update($id = null, $row = null): bool
in APPPATH\Models\ModelMahasiswa.php on line 34.
 1 [internal function]: CodeIgniter\Debug\Exceptions->shutdownHandler()
CRITICAL - 2024-03-20 01:18:31 --> ArgumentCountError: Too few arguments to function App\Controllers\Mahasiswa::update(), 0 passed in C:\xampp\htdocs\projekci4\system\CodeIgniter.php on line 941 and exactly 2 expected
in APPPATH\Controllers\Mahasiswa.php on line 63.
 1 SYSTEMPATH\CodeIgniter.php(941): App\Controllers\Mahasiswa->update()
 2 SYSTEMPATH\CodeIgniter.php(502): CodeIgniter\CodeIgniter->runController(Object(App\Controllers\Mahasiswa))
 3 SYSTEMPATH\CodeIgniter.php(361): CodeIgniter\CodeIgniter->handleRequest(null, Object(Config\Cache), false)
 4 FCPATH\index.php(79): CodeIgniter\CodeIgniter->run()
 5 SYSTEMPATH\Commands\Server\rewrite.php(47): require_once('C:\\xampp\\htdocs\\projekci4\\public\\index.php')
CRITICAL - 2024-03-20 01:44:51 --> ArgumentCountError: Too few arguments to function App\Controllers\Mahasiswa::update(), 0 passed in C:\xampp\htdocs\projekci4\system\CodeIgniter.php on line 941 and exactly 2 expected
in APPPATH\Controllers\Mahasiswa.php on line 63.
 1 SYSTEMPATH\CodeIgniter.php(941): App\Controllers\Mahasiswa->update()
 2 SYSTEMPATH\CodeIgniter.php(502): CodeIgniter\CodeIgniter->runController(Object(App\Controllers\Mahasiswa))
 3 SYSTEMPATH\CodeIgniter.php(361): CodeIgniter\CodeIgniter->handleRequest(null, Object(Config\Cache), false)
 4 FCPATH\index.php(79): CodeIgniter\CodeIgniter->run()
 5 SYSTEMPATH\Commands\Server\rewrite.php(47): require_once('C:\\xampp\\htdocs\\projekci4\\public\\index.php')
CRITICAL - 2024-03-20 01:48:18 --> ErrorException: Undefined array key "nim"
in APPPATH\Views\mahasiswa\v_mahasiswa.php on line 106.
 1 APPPATH\Views\mahasiswa\v_mahasiswa.php(106): CodeIgniter\Debug\Exceptions->errorHandler(2, 'Undefined array key "nim"', 'C:\\xampp\\htdocs\\projekci4\\app\\Views\\mahasiswa\\v_mahasiswa.php', 106)
 2 SYSTEMPATH\View\View.php(228): include('C:\\xampp\\htdocs\\projekci4\\app\\Views\\mahasiswa\\v_mahasiswa.php')
 3 SYSTEMPATH\View\View.php(231): CodeIgniter\View\View->CodeIgniter\View\{closure}()
 4 SYSTEMPATH\Common.php(1178): CodeIgniter\View\View->render('mahasiswa/v_mahasiswa', [], true)
 5 APPPATH\Controllers\Mahasiswa.php(29): view('mahasiswa/v_mahasiswa', [...])
 6 SYSTEMPATH\CodeIgniter.php(941): App\Controllers\Mahasiswa->index()
 7 SYSTEMPATH\CodeIgniter.php(502): CodeIgniter\CodeIgniter->runController(Object(App\Controllers\Mahasiswa))
 8 SYSTEMPATH\CodeIgniter.php(361): CodeIgniter\CodeIgniter->handleRequest(null, Object(Config\Cache), false)
 9 FCPATH\index.php(79): CodeIgniter\CodeIgniter->run()
10 SYSTEMPATH\Commands\Server\rewrite.php(47): require_once('C:\\xampp\\htdocs\\projekci4\\public\\index.php')
CRITICAL - 2024-03-20 01:49:27 --> ErrorException: Undefined array key "nim"
in APPPATH\Views\mahasiswa\v_mahasiswa.php on line 106.
 1 APPPATH\Views\mahasiswa\v_mahasiswa.php(106): CodeIgniter\Debug\Exceptions->errorHandler(2, 'Undefined array key "nim"', 'C:\\xampp\\htdocs\\projekci4\\app\\Views\\mahasiswa\\v_mahasiswa.php', 106)
 2 SYSTEMPATH\View\View.php(228): include('C:\\xampp\\htdocs\\projekci4\\app\\Views\\mahasiswa\\v_mahasiswa.php')
 3 SYSTEMPATH\View\View.php(231): CodeIgniter\View\View->CodeIgniter\View\{closure}()
 4 SYSTEMPATH\Common.php(1178): CodeIgniter\View\View->render('mahasiswa/v_mahasiswa', [], true)
 5 APPPATH\Controllers\Mahasiswa.php(29): view('mahasiswa/v_mahasiswa', [...])
 6 SYSTEMPATH\CodeIgniter.php(941): App\Controllers\Mahasiswa->index()
 7 SYSTEMPATH\CodeIgniter.php(502): CodeIgniter\CodeIgniter->runController(Object(App\Controllers\Mahasiswa))
 8 SYSTEMPATH\CodeIgniter.php(361): CodeIgniter\CodeIgniter->handleRequest(null, Object(Config\Cache), false)
 9 FCPATH\index.php(79): CodeIgniter\CodeIgniter->run()
10 SYSTEMPATH\Commands\Server\rewrite.php(47): require_once('C:\\xampp\\htdocs\\projekci4\\public\\index.php')
