CRITICAL - 2024-03-14 14:10:20 --> ErrorException: Undefined property: App\Controllers\Mahasiswa::$input
in APPPATH\Controllers\Mahasiswa.php on line 35.
 1 APPPATH\Controllers\Mahasiswa.php(35): CodeIgniter\Debug\Exceptions->errorHandler(2, 'Undefined property: App\\Controllers\\Mahasiswa::$input', 'C:\\xampp\\htdocs\\projekci4\\app\\Controllers\\Mahasiswa.php', 35)
 2 SYSTEMPATH\CodeIgniter.php(941): App\Controllers\Mahasiswa->create()
 3 SYSTEMPATH\CodeIgniter.php(502): CodeIgniter\CodeIgniter->runController(Object(App\Controllers\Mahasiswa))
 4 SYSTEMPATH\CodeIgniter.php(361): CodeIgniter\CodeIgniter->handleRequest(null, Object(Config\Cache), false)
 5 FCPATH\index.php(79): CodeIgniter\CodeIgniter->run()
 6 SYSTEMPATH\Commands\Server\rewrite.php(47): require_once('C:\\xampp\\htdocs\\projekci4\\public\\index.php')
CRITICAL - 2024-03-14 14:13:14 --> CodeIgniter\Database\Exceptions\DataException: Allowed fields must be specified for model: "App\Models\ModelMahasiswa"
in SYSTEMPATH\Model.php on line 766.
 1 SYSTEMPATH\Model.php(766): CodeIgniter\Database\Exceptions\DataException::forInvalidAllowedFields('App\\Models\\ModelMahasiswa')
 2 SYSTEMPATH\BaseModel.php(783): CodeIgniter\Model->doProtectFieldsForInsert([...])
 3 SYSTEMPATH\Model.php(744): CodeIgniter\BaseModel->insert([...], true)
 4 APPPATH\Controllers\Mahasiswa.php(53): CodeIgniter\Model->insert([...])
 5 SYSTEMPATH\CodeIgniter.php(941): App\Controllers\Mahasiswa->create()
 6 SYSTEMPATH\CodeIgniter.php(502): CodeIgniter\CodeIgniter->runController(Object(App\Controllers\Mahasiswa))
 7 SYSTEMPATH\CodeIgniter.php(361): CodeIgniter\CodeIgniter->handleRequest(null, Object(Config\Cache), false)
 8 FCPATH\index.php(79): CodeIgniter\CodeIgniter->run()
 9 SYSTEMPATH\Commands\Server\rewrite.php(47): require_once('C:\\xampp\\htdocs\\projekci4\\public\\index.php')
ERROR - 2024-03-14 14:21:16 --> mysqli_sql_exception: Unknown column 'created_at' in 'field list' in C:\xampp\htdocs\projekci4\system\Database\MySQLi\Connection.php:306
Stack trace:
#0 C:\xampp\htdocs\projekci4\system\Database\MySQLi\Connection.php(306): mysqli->query('INSERT INTO `tm...', 0)
#1 C:\xampp\htdocs\projekci4\system\Database\BaseConnection.php(693): CodeIgniter\Database\MySQLi\Connection->execute('INSERT INTO `tm...')
#2 C:\xampp\htdocs\projekci4\system\Database\BaseConnection.php(607): CodeIgniter\Database\BaseConnection->simpleQuery('INSERT INTO `tm...')
#3 C:\xampp\htdocs\projekci4\system\Database\BaseBuilder.php(2307): CodeIgniter\Database\BaseConnection->query('INSERT INTO `tm...', Array, false)
#4 C:\xampp\htdocs\projekci4\system\Model.php(326): CodeIgniter\Database\BaseBuilder->insert()
#5 C:\xampp\htdocs\projekci4\system\BaseModel.php(802): CodeIgniter\Model->doInsert(Array)
#6 C:\xampp\htdocs\projekci4\system\Model.php(744): CodeIgniter\BaseModel->insert(Array, true)
#7 C:\xampp\htdocs\projekci4\app\Controllers\Mahasiswa.php(53): CodeIgniter\Model->insert(Array)
#8 C:\xampp\htdocs\projekci4\system\CodeIgniter.php(941): App\Controllers\Mahasiswa->create()
#9 C:\xampp\htdocs\projekci4\system\CodeIgniter.php(502): CodeIgniter\CodeIgniter->runController(Object(App\Controllers\Mahasiswa))
#10 C:\xampp\htdocs\projekci4\system\CodeIgniter.php(361): CodeIgniter\CodeIgniter->handleRequest(NULL, Object(Config\Cache), false)
#11 C:\xampp\htdocs\projekci4\public\index.php(79): CodeIgniter\CodeIgniter->run()
#12 C:\xampp\htdocs\projekci4\system\Commands\Server\rewrite.php(47): require_once('C:\\xampp\\htdocs...')
#13 {main}
CRITICAL - 2024-03-14 14:21:16 --> CodeIgniter\Database\Exceptions\DatabaseException: Unknown column 'created_at' in 'field list'
in SYSTEMPATH\Database\BaseConnection.php on line 647.
 1 SYSTEMPATH\Database\BaseBuilder.php(2307): CodeIgniter\Database\BaseConnection->query('INSERT INTO `tmhs` (`nim`, `nama`, `alamat`, `jenkel`, `kode_prodi`, `created_at`, `updated_at`) VALUES (:nim:, :nama:, :alamat:, :jenkel:, :kode_prodi:, :created_at:, :updated_at:)', [...], false)
 2 SYSTEMPATH\Model.php(326): CodeIgniter\Database\BaseBuilder->insert()
 3 SYSTEMPATH\BaseModel.php(802): CodeIgniter\Model->doInsert([...])
 4 SYSTEMPATH\Model.php(744): CodeIgniter\BaseModel->insert([...], true)
 5 APPPATH\Controllers\Mahasiswa.php(53): CodeIgniter\Model->insert([...])
 6 SYSTEMPATH\CodeIgniter.php(941): App\Controllers\Mahasiswa->create()
 7 SYSTEMPATH\CodeIgniter.php(502): CodeIgniter\CodeIgniter->runController(Object(App\Controllers\Mahasiswa))
 8 SYSTEMPATH\CodeIgniter.php(361): CodeIgniter\CodeIgniter->handleRequest(null, Object(Config\Cache), false)
 9 FCPATH\index.php(79): CodeIgniter\CodeIgniter->run()
10 SYSTEMPATH\Commands\Server\rewrite.php(47): require_once('C:\\xampp\\htdocs\\projekci4\\public\\index.php')
CRITICAL - 2024-03-14 14:21:16 --> [Caused by] CodeIgniter\Database\Exceptions\DatabaseException: Unknown column 'created_at' in 'field list'
in SYSTEMPATH\Database\MySQLi\Connection.php on line 311.
 1 SYSTEMPATH\Database\BaseConnection.php(693): CodeIgniter\Database\MySQLi\Connection->execute('INSERT INTO `tmhs` (`nim`, `nama`, `alamat`, `jenkel`, `kode_prodi`, `created_at`, `updated_at`) VALUES (\'1211\', \'haekalsah\', \'assd\', \'P\', \'3\', \'2024-03-14 14:21:16\', \'2024-03-14 14:21:16\')')
 2 SYSTEMPATH\Database\BaseConnection.php(607): CodeIgniter\Database\BaseConnection->simpleQuery('INSERT INTO `tmhs` (`nim`, `nama`, `alamat`, `jenkel`, `kode_prodi`, `created_at`, `updated_at`) VALUES (\'1211\', \'haekalsah\', \'assd\', \'P\', \'3\', \'2024-03-14 14:21:16\', \'2024-03-14 14:21:16\')')
 3 SYSTEMPATH\Database\BaseBuilder.php(2307): CodeIgniter\Database\BaseConnection->query('INSERT INTO `tmhs` (`nim`, `nama`, `alamat`, `jenkel`, `kode_prodi`, `created_at`, `updated_at`) VALUES (:nim:, :nama:, :alamat:, :jenkel:, :kode_prodi:, :created_at:, :updated_at:)', [...], false)
 4 SYSTEMPATH\Model.php(326): CodeIgniter\Database\BaseBuilder->insert()
 5 SYSTEMPATH\BaseModel.php(802): CodeIgniter\Model->doInsert([...])
 6 SYSTEMPATH\Model.php(744): CodeIgniter\BaseModel->insert([...], true)
 7 APPPATH\Controllers\Mahasiswa.php(53): CodeIgniter\Model->insert([...])
 8 SYSTEMPATH\CodeIgniter.php(941): App\Controllers\Mahasiswa->create()
 9 SYSTEMPATH\CodeIgniter.php(502): CodeIgniter\CodeIgniter->runController(Object(App\Controllers\Mahasiswa))
10 SYSTEMPATH\CodeIgniter.php(361): CodeIgniter\CodeIgniter->handleRequest(null, Object(Config\Cache), false)
11 FCPATH\index.php(79): CodeIgniter\CodeIgniter->run()
12 SYSTEMPATH\Commands\Server\rewrite.php(47): require_once('C:\\xampp\\htdocs\\projekci4\\public\\index.php')
CRITICAL - 2024-03-14 14:21:16 --> [Caused by] mysqli_sql_exception: Unknown column 'created_at' in 'field list'
in SYSTEMPATH\Database\MySQLi\Connection.php on line 306.
 1 SYSTEMPATH\Database\MySQLi\Connection.php(306): mysqli->query('INSERT INTO `tmhs` (`nim`, `nama`, `alamat`, `jenkel`, `kode_prodi`, `created_at`, `updated_at`) VALUES (\'1211\', \'haekalsah\', \'assd\', \'P\', \'3\', \'2024-03-14 14:21:16\', \'2024-03-14 14:21:16\')', 0)
 2 SYSTEMPATH\Database\BaseConnection.php(693): CodeIgniter\Database\MySQLi\Connection->execute('INSERT INTO `tmhs` (`nim`, `nama`, `alamat`, `jenkel`, `kode_prodi`, `created_at`, `updated_at`) VALUES (\'1211\', \'haekalsah\', \'assd\', \'P\', \'3\', \'2024-03-14 14:21:16\', \'2024-03-14 14:21:16\')')
 3 SYSTEMPATH\Database\BaseConnection.php(607): CodeIgniter\Database\BaseConnection->simpleQuery('INSERT INTO `tmhs` (`nim`, `nama`, `alamat`, `jenkel`, `kode_prodi`, `created_at`, `updated_at`) VALUES (\'1211\', \'haekalsah\', \'assd\', \'P\', \'3\', \'2024-03-14 14:21:16\', \'2024-03-14 14:21:16\')')
 4 SYSTEMPATH\Database\BaseBuilder.php(2307): CodeIgniter\Database\BaseConnection->query('INSERT INTO `tmhs` (`nim`, `nama`, `alamat`, `jenkel`, `kode_prodi`, `created_at`, `updated_at`) VALUES (:nim:, :nama:, :alamat:, :jenkel:, :kode_prodi:, :created_at:, :updated_at:)', [...], false)
 5 SYSTEMPATH\Model.php(326): CodeIgniter\Database\BaseBuilder->insert()
 6 SYSTEMPATH\BaseModel.php(802): CodeIgniter\Model->doInsert([...])
 7 SYSTEMPATH\Model.php(744): CodeIgniter\BaseModel->insert([...], true)
 8 APPPATH\Controllers\Mahasiswa.php(53): CodeIgniter\Model->insert([...])
 9 SYSTEMPATH\CodeIgniter.php(941): App\Controllers\Mahasiswa->create()
10 SYSTEMPATH\CodeIgniter.php(502): CodeIgniter\CodeIgniter->runController(Object(App\Controllers\Mahasiswa))
11 SYSTEMPATH\CodeIgniter.php(361): CodeIgniter\CodeIgniter->handleRequest(null, Object(Config\Cache), false)
12 FCPATH\index.php(79): CodeIgniter\CodeIgniter->run()
13 SYSTEMPATH\Commands\Server\rewrite.php(47): require_once('C:\\xampp\\htdocs\\projekci4\\public\\index.php')
