CRITICAL - 2024-03-06 02:59:48 --> Error: Undefined constant "mahasiswa"
in APPPATH\Views\mahasiswa\v_mahasiswa.php on line 56.
 1 SYSTEMPATH\View\View.php(228): include()
 2 SYSTEMPATH\View\View.php(231): CodeIgniter\View\View->CodeIgniter\View\{closure}()
 3 SYSTEMPATH\Common.php(1178): CodeIgniter\View\View->render('mahasiswa/v_mahasiswa', [], true)
 4 APPPATH\Controllers\Home.php(14): view('mahasiswa/v_mahasiswa')
 5 SYSTEMPATH\CodeIgniter.php(941): App\Controllers\Home->inputmahasiswa()
 6 SYSTEMPATH\CodeIgniter.php(502): CodeIgniter\CodeIgniter->runController(Object(App\Controllers\Home))
 7 SYSTEMPATH\CodeIgniter.php(361): CodeIgniter\CodeIgniter->handleRequest(null, Object(Config\Cache), false)
 8 FCPATH\index.php(79): CodeIgniter\CodeIgniter->run()
 9 SYSTEMPATH\Commands\Server\rewrite.php(47): require_once('C:\\xampp\\htdocs\\projekci4\\public\\index.php')
CRITICAL - 2024-03-06 03:00:22 --> ErrorException: Undefined variable $mahasiswa
in APPPATH\Views\mahasiswa\v_mahasiswa.php on line 56.
 1 APPPATH\Views\mahasiswa\v_mahasiswa.php(56): CodeIgniter\Debug\Exceptions->errorHandler(2, 'Undefined variable $mahasiswa', 'C:\\xampp\\htdocs\\projekci4\\app\\Views\\mahasiswa\\v_mahasiswa.php', 56)
 2 SYSTEMPATH\View\View.php(228): include('C:\\xampp\\htdocs\\projekci4\\app\\Views\\mahasiswa\\v_mahasiswa.php')
 3 SYSTEMPATH\View\View.php(231): CodeIgniter\View\View->CodeIgniter\View\{closure}()
 4 SYSTEMPATH\Common.php(1178): CodeIgniter\View\View->render('mahasiswa/v_mahasiswa', [], true)
 5 APPPATH\Controllers\Home.php(14): view('mahasiswa/v_mahasiswa')
 6 SYSTEMPATH\CodeIgniter.php(941): App\Controllers\Home->inputmahasiswa()
 7 SYSTEMPATH\CodeIgniter.php(502): CodeIgniter\CodeIgniter->runController(Object(App\Controllers\Home))
 8 SYSTEMPATH\CodeIgniter.php(361): CodeIgniter\CodeIgniter->handleRequest(null, Object(Config\Cache), false)
 9 FCPATH\index.php(79): CodeIgniter\CodeIgniter->run()
10 SYSTEMPATH\Commands\Server\rewrite.php(47): require_once('C:\\xampp\\htdocs\\projekci4\\public\\index.php')
CRITICAL - 2024-03-06 03:00:24 --> ErrorException: Undefined variable $mahasiswa
in APPPATH\Views\mahasiswa\v_mahasiswa.php on line 56.
 1 APPPATH\Views\mahasiswa\v_mahasiswa.php(56): CodeIgniter\Debug\Exceptions->errorHandler(2, 'Undefined variable $mahasiswa', 'C:\\xampp\\htdocs\\projekci4\\app\\Views\\mahasiswa\\v_mahasiswa.php', 56)
 2 SYSTEMPATH\View\View.php(228): include('C:\\xampp\\htdocs\\projekci4\\app\\Views\\mahasiswa\\v_mahasiswa.php')
 3 SYSTEMPATH\View\View.php(231): CodeIgniter\View\View->CodeIgniter\View\{closure}()
 4 SYSTEMPATH\Common.php(1178): CodeIgniter\View\View->render('mahasiswa/v_mahasiswa', [], true)
 5 APPPATH\Controllers\Home.php(14): view('mahasiswa/v_mahasiswa')
 6 SYSTEMPATH\CodeIgniter.php(941): App\Controllers\Home->inputmahasiswa()
 7 SYSTEMPATH\CodeIgniter.php(502): CodeIgniter\CodeIgniter->runController(Object(App\Controllers\Home))
 8 SYSTEMPATH\CodeIgniter.php(361): CodeIgniter\CodeIgniter->handleRequest(null, Object(Config\Cache), false)
 9 FCPATH\index.php(79): CodeIgniter\CodeIgniter->run()
10 SYSTEMPATH\Commands\Server\rewrite.php(47): require_once('C:\\xampp\\htdocs\\projekci4\\public\\index.php')
CRITICAL - 2024-03-06 03:01:46 --> ErrorException: Undefined variable $Mahasiswa
in APPPATH\Views\mahasiswa\v_mahasiswa.php on line 56.
 1 APPPATH\Views\mahasiswa\v_mahasiswa.php(56): CodeIgniter\Debug\Exceptions->errorHandler(2, 'Undefined variable $Mahasiswa', 'C:\\xampp\\htdocs\\projekci4\\app\\Views\\mahasiswa\\v_mahasiswa.php', 56)
 2 SYSTEMPATH\View\View.php(228): include('C:\\xampp\\htdocs\\projekci4\\app\\Views\\mahasiswa\\v_mahasiswa.php')
 3 SYSTEMPATH\View\View.php(231): CodeIgniter\View\View->CodeIgniter\View\{closure}()
 4 SYSTEMPATH\Common.php(1178): CodeIgniter\View\View->render('mahasiswa/v_mahasiswa', [], true)
 5 APPPATH\Controllers\Home.php(14): view('mahasiswa/v_mahasiswa')
 6 SYSTEMPATH\CodeIgniter.php(941): App\Controllers\Home->inputmahasiswa()
 7 SYSTEMPATH\CodeIgniter.php(502): CodeIgniter\CodeIgniter->runController(Object(App\Controllers\Home))
 8 SYSTEMPATH\CodeIgniter.php(361): CodeIgniter\CodeIgniter->handleRequest(null, Object(Config\Cache), false)
 9 FCPATH\index.php(79): CodeIgniter\CodeIgniter->run()
10 SYSTEMPATH\Commands\Server\rewrite.php(47): require_once('C:\\xampp\\htdocs\\projekci4\\public\\index.php')
CRITICAL - 2024-03-06 03:01:54 --> ErrorException: Undefined variable $mahasiswa
in APPPATH\Views\mahasiswa\v_mahasiswa.php on line 56.
 1 APPPATH\Views\mahasiswa\v_mahasiswa.php(56): CodeIgniter\Debug\Exceptions->errorHandler(2, 'Undefined variable $mahasiswa', 'C:\\xampp\\htdocs\\projekci4\\app\\Views\\mahasiswa\\v_mahasiswa.php', 56)
 2 SYSTEMPATH\View\View.php(228): include('C:\\xampp\\htdocs\\projekci4\\app\\Views\\mahasiswa\\v_mahasiswa.php')
 3 SYSTEMPATH\View\View.php(231): CodeIgniter\View\View->CodeIgniter\View\{closure}()
 4 SYSTEMPATH\Common.php(1178): CodeIgniter\View\View->render('mahasiswa/v_mahasiswa', [], true)
 5 APPPATH\Controllers\Home.php(14): view('mahasiswa/v_mahasiswa')
 6 SYSTEMPATH\CodeIgniter.php(941): App\Controllers\Home->inputmahasiswa()
 7 SYSTEMPATH\CodeIgniter.php(502): CodeIgniter\CodeIgniter->runController(Object(App\Controllers\Home))
 8 SYSTEMPATH\CodeIgniter.php(361): CodeIgniter\CodeIgniter->handleRequest(null, Object(Config\Cache), false)
 9 FCPATH\index.php(79): CodeIgniter\CodeIgniter->run()
10 SYSTEMPATH\Commands\Server\rewrite.php(47): require_once('C:\\xampp\\htdocs\\projekci4\\public\\index.php')
CRITICAL - 2024-03-06 03:14:33 --> Error: Class "App\ModelMahasiswa" not found
in APPPATH\Controllers\Mahasiswa.php on line 15.
 1 SYSTEMPATH\CodeIgniter.php(913): App\Controllers\Mahasiswa->__construct()
 2 SYSTEMPATH\CodeIgniter.php(493): CodeIgniter\CodeIgniter->createController()
 3 SYSTEMPATH\CodeIgniter.php(361): CodeIgniter\CodeIgniter->handleRequest(null, Object(Config\Cache), false)
 4 FCPATH\index.php(79): CodeIgniter\CodeIgniter->run()
 5 SYSTEMPATH\Commands\Server\rewrite.php(47): require_once('C:\\xampp\\htdocs\\projekci4\\public\\index.php')
CRITICAL - 2024-03-06 03:15:37 --> Error: Class "App\Models\Model" not found
in APPPATH\Models\ModelMahasiswa.php on line 8.
 1 SYSTEMPATH\Autoloader\Autoloader.php(309): include_once()
 2 SYSTEMPATH\Autoloader\Autoloader.php(288): CodeIgniter\Autoloader\Autoloader->includeFile('C:\\xampp\\htdocs\\projekci4\\app\\Models\\ModelMahasiswa.php')
 3 SYSTEMPATH\Autoloader\Autoloader.php(266): CodeIgniter\Autoloader\Autoloader->loadInNamespace('App\\Models\\ModelMahasiswa')
 4 APPPATH\Controllers\Mahasiswa.php(15): CodeIgniter\Autoloader\Autoloader->loadClass('App\\Models\\ModelMahasiswa')
 5 SYSTEMPATH\CodeIgniter.php(913): App\Controllers\Mahasiswa->__construct()
 6 SYSTEMPATH\CodeIgniter.php(493): CodeIgniter\CodeIgniter->createController()
 7 SYSTEMPATH\CodeIgniter.php(361): CodeIgniter\CodeIgniter->handleRequest(null, Object(Config\Cache), false)
 8 FCPATH\index.php(79): CodeIgniter\CodeIgniter->run()
 9 SYSTEMPATH\Commands\Server\rewrite.php(47): require_once('C:\\xampp\\htdocs\\projekci4\\public\\index.php')
CRITICAL - 2024-03-06 03:16:11 --> Error: Class "CodeIgniter\Models" not found
in APPPATH\Models\ModelMahasiswa.php on line 8.
 1 SYSTEMPATH\Autoloader\Autoloader.php(309): include_once()
 2 SYSTEMPATH\Autoloader\Autoloader.php(288): CodeIgniter\Autoloader\Autoloader->includeFile('C:\\xampp\\htdocs\\projekci4\\app\\Models\\ModelMahasiswa.php')
 3 SYSTEMPATH\Autoloader\Autoloader.php(266): CodeIgniter\Autoloader\Autoloader->loadInNamespace('App\\Models\\ModelMahasiswa')
 4 APPPATH\Controllers\Mahasiswa.php(15): CodeIgniter\Autoloader\Autoloader->loadClass('App\\Models\\ModelMahasiswa')
 5 SYSTEMPATH\CodeIgniter.php(913): App\Controllers\Mahasiswa->__construct()
 6 SYSTEMPATH\CodeIgniter.php(493): CodeIgniter\CodeIgniter->createController()
 7 SYSTEMPATH\CodeIgniter.php(361): CodeIgniter\CodeIgniter->handleRequest(null, Object(Config\Cache), false)
 8 FCPATH\index.php(79): CodeIgniter\CodeIgniter->run()
 9 SYSTEMPATH\Commands\Server\rewrite.php(47): require_once('C:\\xampp\\htdocs\\projekci4\\public\\index.php')
CRITICAL - 2024-03-06 03:16:13 --> Error: Class "CodeIgniter\Models" not found
in APPPATH\Models\ModelMahasiswa.php on line 8.
 1 SYSTEMPATH\Autoloader\Autoloader.php(309): include_once()
 2 SYSTEMPATH\Autoloader\Autoloader.php(288): CodeIgniter\Autoloader\Autoloader->includeFile('C:\\xampp\\htdocs\\projekci4\\app\\Models\\ModelMahasiswa.php')
 3 SYSTEMPATH\Autoloader\Autoloader.php(266): CodeIgniter\Autoloader\Autoloader->loadInNamespace('App\\Models\\ModelMahasiswa')
 4 APPPATH\Controllers\Mahasiswa.php(15): CodeIgniter\Autoloader\Autoloader->loadClass('App\\Models\\ModelMahasiswa')
 5 SYSTEMPATH\CodeIgniter.php(913): App\Controllers\Mahasiswa->__construct()
 6 SYSTEMPATH\CodeIgniter.php(493): CodeIgniter\CodeIgniter->createController()
 7 SYSTEMPATH\CodeIgniter.php(361): CodeIgniter\CodeIgniter->handleRequest(null, Object(Config\Cache), false)
 8 FCPATH\index.php(79): CodeIgniter\CodeIgniter->run()
 9 SYSTEMPATH\Commands\Server\rewrite.php(47): require_once('C:\\xampp\\htdocs\\projekci4\\public\\index.php')
CRITICAL - 2024-03-06 03:18:11 --> Error: Class "CodeIgniter\Models" not found
in APPPATH\Models\ModelMahasiswa.php on line 8.
 1 SYSTEMPATH\Autoloader\Autoloader.php(309): include_once()
 2 SYSTEMPATH\Autoloader\Autoloader.php(288): CodeIgniter\Autoloader\Autoloader->includeFile('C:\\xampp\\htdocs\\projekci4\\app\\Models\\ModelMahasiswa.php')
 3 SYSTEMPATH\Autoloader\Autoloader.php(266): CodeIgniter\Autoloader\Autoloader->loadInNamespace('App\\Models\\ModelMahasiswa')
 4 APPPATH\Controllers\Mahasiswa.php(15): CodeIgniter\Autoloader\Autoloader->loadClass('App\\Models\\ModelMahasiswa')
 5 SYSTEMPATH\CodeIgniter.php(913): App\Controllers\Mahasiswa->__construct()
 6 SYSTEMPATH\CodeIgniter.php(493): CodeIgniter\CodeIgniter->createController()
 7 SYSTEMPATH\CodeIgniter.php(361): CodeIgniter\CodeIgniter->handleRequest(null, Object(Config\Cache), false)
 8 FCPATH\index.php(79): CodeIgniter\CodeIgniter->run()
 9 SYSTEMPATH\Commands\Server\rewrite.php(47): require_once('C:\\xampp\\htdocs\\projekci4\\public\\index.php')
CRITICAL - 2024-03-06 03:19:06 --> Error: Class "CodeIgniter4\Models" not found
in APPPATH\Models\ModelMahasiswa.php on line 8.
 1 SYSTEMPATH\Autoloader\Autoloader.php(309): include_once()
 2 SYSTEMPATH\Autoloader\Autoloader.php(288): CodeIgniter\Autoloader\Autoloader->includeFile('C:\\xampp\\htdocs\\projekci4\\app\\Models\\ModelMahasiswa.php')
 3 SYSTEMPATH\Autoloader\Autoloader.php(266): CodeIgniter\Autoloader\Autoloader->loadInNamespace('App\\Models\\ModelMahasiswa')
 4 APPPATH\Controllers\Mahasiswa.php(15): CodeIgniter\Autoloader\Autoloader->loadClass('App\\Models\\ModelMahasiswa')
 5 SYSTEMPATH\CodeIgniter.php(913): App\Controllers\Mahasiswa->__construct()
 6 SYSTEMPATH\CodeIgniter.php(493): CodeIgniter\CodeIgniter->createController()
 7 SYSTEMPATH\CodeIgniter.php(361): CodeIgniter\CodeIgniter->handleRequest(null, Object(Config\Cache), false)
 8 FCPATH\index.php(79): CodeIgniter\CodeIgniter->run()
 9 SYSTEMPATH\Commands\Server\rewrite.php(47): require_once('C:\\xampp\\htdocs\\projekci4\\public\\index.php')
CRITICAL - 2024-03-06 03:19:33 --> Error: Class "App\Models\Models" not found
in APPPATH\Models\ModelMahasiswa.php on line 8.
 1 SYSTEMPATH\Autoloader\Autoloader.php(309): include_once()
 2 SYSTEMPATH\Autoloader\Autoloader.php(288): CodeIgniter\Autoloader\Autoloader->includeFile('C:\\xampp\\htdocs\\projekci4\\app\\Models\\ModelMahasiswa.php')
 3 SYSTEMPATH\Autoloader\Autoloader.php(266): CodeIgniter\Autoloader\Autoloader->loadInNamespace('App\\Models\\ModelMahasiswa')
 4 APPPATH\Controllers\Mahasiswa.php(15): CodeIgniter\Autoloader\Autoloader->loadClass('App\\Models\\ModelMahasiswa')
 5 SYSTEMPATH\CodeIgniter.php(913): App\Controllers\Mahasiswa->__construct()
 6 SYSTEMPATH\CodeIgniter.php(493): CodeIgniter\CodeIgniter->createController()
 7 SYSTEMPATH\CodeIgniter.php(361): CodeIgniter\CodeIgniter->handleRequest(null, Object(Config\Cache), false)
 8 FCPATH\index.php(79): CodeIgniter\CodeIgniter->run()
 9 SYSTEMPATH\Commands\Server\rewrite.php(47): require_once('C:\\xampp\\htdocs\\projekci4\\public\\index.php')
CRITICAL - 2024-03-06 03:20:02 --> ErrorException: Undefined variable $mahasiswa
in APPPATH\Views\mahasiswa\v_mahasiswa.php on line 56.
 1 APPPATH\Views\mahasiswa\v_mahasiswa.php(56): CodeIgniter\Debug\Exceptions->errorHandler(2, 'Undefined variable $mahasiswa', 'C:\\xampp\\htdocs\\projekci4\\app\\Views\\mahasiswa\\v_mahasiswa.php', 56)
 2 SYSTEMPATH\View\View.php(228): include('C:\\xampp\\htdocs\\projekci4\\app\\Views\\mahasiswa\\v_mahasiswa.php')
 3 SYSTEMPATH\View\View.php(231): CodeIgniter\View\View->CodeIgniter\View\{closure}()
 4 SYSTEMPATH\Common.php(1178): CodeIgniter\View\View->render('mahasiswa/v_mahasiswa', [], true)
 5 APPPATH\Controllers\Home.php(14): view('mahasiswa/v_mahasiswa')
 6 SYSTEMPATH\CodeIgniter.php(941): App\Controllers\Home->inputmahasiswa()
 7 SYSTEMPATH\CodeIgniter.php(502): CodeIgniter\CodeIgniter->runController(Object(App\Controllers\Home))
 8 SYSTEMPATH\CodeIgniter.php(361): CodeIgniter\CodeIgniter->handleRequest(null, Object(Config\Cache), false)
 9 FCPATH\index.php(79): CodeIgniter\CodeIgniter->run()
10 SYSTEMPATH\Commands\Server\rewrite.php(47): require_once('C:\\xampp\\htdocs\\projekci4\\public\\index.php')
CRITICAL - 2024-03-06 03:21:00 --> Error: Class "CodeIgniter\Models" not found
in APPPATH\Models\ModelMahasiswa.php on line 8.
 1 SYSTEMPATH\Autoloader\Autoloader.php(309): include_once()
 2 SYSTEMPATH\Autoloader\Autoloader.php(288): CodeIgniter\Autoloader\Autoloader->includeFile('C:\\xampp\\htdocs\\projekci4\\app\\Models\\ModelMahasiswa.php')
 3 SYSTEMPATH\Autoloader\Autoloader.php(266): CodeIgniter\Autoloader\Autoloader->loadInNamespace('App\\Models\\ModelMahasiswa')
 4 APPPATH\Controllers\Mahasiswa.php(15): CodeIgniter\Autoloader\Autoloader->loadClass('App\\Models\\ModelMahasiswa')
 5 SYSTEMPATH\CodeIgniter.php(913): App\Controllers\Mahasiswa->__construct()
 6 SYSTEMPATH\CodeIgniter.php(493): CodeIgniter\CodeIgniter->createController()
 7 SYSTEMPATH\CodeIgniter.php(361): CodeIgniter\CodeIgniter->handleRequest(null, Object(Config\Cache), false)
 8 FCPATH\index.php(79): CodeIgniter\CodeIgniter->run()
 9 SYSTEMPATH\Commands\Server\rewrite.php(47): require_once('C:\\xampp\\htdocs\\projekci4\\public\\index.php')
ERROR - 2024-03-06 03:22:32 --> Error connecting to the database: mysqli_sql_exception: Access denied for user 'root'@'localhost' (using password: YES) in C:\xampp\htdocs\projekci4\system\Database\MySQLi\Connection.php:184
Stack trace:
#0 C:\xampp\htdocs\projekci4\system\Database\MySQLi\Connection.php(184): mysqli->real_connect('localhost', 'root', Object(SensitiveParameterValue), 'dbakad', 3306, '', 0)
#1 C:\xampp\htdocs\projekci4\system\Database\BaseConnection.php(392): CodeIgniter\Database\MySQLi\Connection->connect(false)
#2 C:\xampp\htdocs\projekci4\system\Database\BaseConnection.php(575): CodeIgniter\Database\BaseConnection->initialize()
#3 C:\xampp\htdocs\projekci4\system\Database\BaseBuilder.php(1616): CodeIgniter\Database\BaseConnection->query('SELECT *\nFROM `...', Array, false)
#4 C:\xampp\htdocs\projekci4\system\Model.php(242): CodeIgniter\Database\BaseBuilder->get()
#5 C:\xampp\htdocs\projekci4\system\BaseModel.php(638): CodeIgniter\Model->doFindAll(0, 0)
#6 C:\xampp\htdocs\projekci4\app\Controllers\Mahasiswa.php(21): CodeIgniter\BaseModel->findAll()
#7 C:\xampp\htdocs\projekci4\system\CodeIgniter.php(941): App\Controllers\Mahasiswa->index()
#8 C:\xampp\htdocs\projekci4\system\CodeIgniter.php(502): CodeIgniter\CodeIgniter->runController(Object(App\Controllers\Mahasiswa))
#9 C:\xampp\htdocs\projekci4\system\CodeIgniter.php(361): CodeIgniter\CodeIgniter->handleRequest(NULL, Object(Config\Cache), false)
#10 C:\xampp\htdocs\projekci4\public\index.php(79): CodeIgniter\CodeIgniter->run()
#11 C:\xampp\htdocs\projekci4\system\Commands\Server\rewrite.php(47): require_once('C:\\xampp\\htdocs...')
#12 {main}

Next CodeIgniter\Database\Exceptions\DatabaseException: Access denied for user '****'@'localhost' (using password: YES) in C:\xampp\htdocs\projekci4\system\Database\MySQLi\Connection.php:229
Stack trace:
#0 C:\xampp\htdocs\projekci4\system\Database\BaseConnection.php(392): CodeIgniter\Database\MySQLi\Connection->connect(false)
#1 C:\xampp\htdocs\projekci4\system\Database\BaseConnection.php(575): CodeIgniter\Database\BaseConnection->initialize()
#2 C:\xampp\htdocs\projekci4\system\Database\BaseBuilder.php(1616): CodeIgniter\Database\BaseConnection->query('SELECT *\nFROM `...', Array, false)
#3 C:\xampp\htdocs\projekci4\system\Model.php(242): CodeIgniter\Database\BaseBuilder->get()
#4 C:\xampp\htdocs\projekci4\system\BaseModel.php(638): CodeIgniter\Model->doFindAll(0, 0)
#5 C:\xampp\htdocs\projekci4\app\Controllers\Mahasiswa.php(21): CodeIgniter\BaseModel->findAll()
#6 C:\xampp\htdocs\projekci4\system\CodeIgniter.php(941): App\Controllers\Mahasiswa->index()
#7 C:\xampp\htdocs\projekci4\system\CodeIgniter.php(502): CodeIgniter\CodeIgniter->runController(Object(App\Controllers\Mahasiswa))
#8 C:\xampp\htdocs\projekci4\system\CodeIgniter.php(361): CodeIgniter\CodeIgniter->handleRequest(NULL, Object(Config\Cache), false)
#9 C:\xampp\htdocs\projekci4\public\index.php(79): CodeIgniter\CodeIgniter->run()
#10 C:\xampp\htdocs\projekci4\system\Commands\Server\rewrite.php(47): require_once('C:\\xampp\\htdocs...')
#11 {main}
CRITICAL - 2024-03-06 03:22:32 --> CodeIgniter\Database\Exceptions\DatabaseException: Unable to connect to the database.
Main connection [MySQLi]: Access denied for user '****'@'localhost' (using password: YES)
in SYSTEMPATH\Database\BaseConnection.php on line 428.
 1 SYSTEMPATH\Database\BaseConnection.php(575): CodeIgniter\Database\BaseConnection->initialize()
 2 SYSTEMPATH\Database\BaseBuilder.php(1616): CodeIgniter\Database\BaseConnection->query('SELECT *
FROM `tmhs`', [], false)
 3 SYSTEMPATH\Model.php(242): CodeIgniter\Database\BaseBuilder->get()
 4 SYSTEMPATH\BaseModel.php(638): CodeIgniter\Model->doFindAll(0, 0)
 5 APPPATH\Controllers\Mahasiswa.php(21): CodeIgniter\BaseModel->findAll()
 6 SYSTEMPATH\CodeIgniter.php(941): App\Controllers\Mahasiswa->index()
 7 SYSTEMPATH\CodeIgniter.php(502): CodeIgniter\CodeIgniter->runController(Object(App\Controllers\Mahasiswa))
 8 SYSTEMPATH\CodeIgniter.php(361): CodeIgniter\CodeIgniter->handleRequest(null, Object(Config\Cache), false)
 9 FCPATH\index.php(79): CodeIgniter\CodeIgniter->run()
10 SYSTEMPATH\Commands\Server\rewrite.php(47): require_once('C:\\xampp\\htdocs\\projekci4\\public\\index.php')
ERROR - 2024-03-06 03:23:28 --> Error connecting to the database: mysqli_sql_exception: Access denied for user 'root'@'localhost' (using password: YES) in C:\xampp\htdocs\projekci4\system\Database\MySQLi\Connection.php:184
Stack trace:
#0 C:\xampp\htdocs\projekci4\system\Database\MySQLi\Connection.php(184): mysqli->real_connect('localhost', 'root', Object(SensitiveParameterValue), 'dbakad', 3306, '', 0)
#1 C:\xampp\htdocs\projekci4\system\Database\BaseConnection.php(392): CodeIgniter\Database\MySQLi\Connection->connect(false)
#2 C:\xampp\htdocs\projekci4\system\Database\BaseConnection.php(575): CodeIgniter\Database\BaseConnection->initialize()
#3 C:\xampp\htdocs\projekci4\system\Database\BaseBuilder.php(1616): CodeIgniter\Database\BaseConnection->query('SELECT *\nFROM `...', Array, false)
#4 C:\xampp\htdocs\projekci4\system\Model.php(242): CodeIgniter\Database\BaseBuilder->get()
#5 C:\xampp\htdocs\projekci4\system\BaseModel.php(638): CodeIgniter\Model->doFindAll(0, 0)
#6 C:\xampp\htdocs\projekci4\app\Controllers\Mahasiswa.php(21): CodeIgniter\BaseModel->findAll()
#7 C:\xampp\htdocs\projekci4\system\CodeIgniter.php(941): App\Controllers\Mahasiswa->index()
#8 C:\xampp\htdocs\projekci4\system\CodeIgniter.php(502): CodeIgniter\CodeIgniter->runController(Object(App\Controllers\Mahasiswa))
#9 C:\xampp\htdocs\projekci4\system\CodeIgniter.php(361): CodeIgniter\CodeIgniter->handleRequest(NULL, Object(Config\Cache), false)
#10 C:\xampp\htdocs\projekci4\public\index.php(79): CodeIgniter\CodeIgniter->run()
#11 C:\xampp\htdocs\projekci4\system\Commands\Server\rewrite.php(47): require_once('C:\\xampp\\htdocs...')
#12 {main}

Next CodeIgniter\Database\Exceptions\DatabaseException: Access denied for user '****'@'localhost' (using password: YES) in C:\xampp\htdocs\projekci4\system\Database\MySQLi\Connection.php:229
Stack trace:
#0 C:\xampp\htdocs\projekci4\system\Database\BaseConnection.php(392): CodeIgniter\Database\MySQLi\Connection->connect(false)
#1 C:\xampp\htdocs\projekci4\system\Database\BaseConnection.php(575): CodeIgniter\Database\BaseConnection->initialize()
#2 C:\xampp\htdocs\projekci4\system\Database\BaseBuilder.php(1616): CodeIgniter\Database\BaseConnection->query('SELECT *\nFROM `...', Array, false)
#3 C:\xampp\htdocs\projekci4\system\Model.php(242): CodeIgniter\Database\BaseBuilder->get()
#4 C:\xampp\htdocs\projekci4\system\BaseModel.php(638): CodeIgniter\Model->doFindAll(0, 0)
#5 C:\xampp\htdocs\projekci4\app\Controllers\Mahasiswa.php(21): CodeIgniter\BaseModel->findAll()
#6 C:\xampp\htdocs\projekci4\system\CodeIgniter.php(941): App\Controllers\Mahasiswa->index()
#7 C:\xampp\htdocs\projekci4\system\CodeIgniter.php(502): CodeIgniter\CodeIgniter->runController(Object(App\Controllers\Mahasiswa))
#8 C:\xampp\htdocs\projekci4\system\CodeIgniter.php(361): CodeIgniter\CodeIgniter->handleRequest(NULL, Object(Config\Cache), false)
#9 C:\xampp\htdocs\projekci4\public\index.php(79): CodeIgniter\CodeIgniter->run()
#10 C:\xampp\htdocs\projekci4\system\Commands\Server\rewrite.php(47): require_once('C:\\xampp\\htdocs...')
#11 {main}
CRITICAL - 2024-03-06 03:23:28 --> CodeIgniter\Database\Exceptions\DatabaseException: Unable to connect to the database.
Main connection [MySQLi]: Access denied for user '****'@'localhost' (using password: YES)
in SYSTEMPATH\Database\BaseConnection.php on line 428.
 1 SYSTEMPATH\Database\BaseConnection.php(575): CodeIgniter\Database\BaseConnection->initialize()
 2 SYSTEMPATH\Database\BaseBuilder.php(1616): CodeIgniter\Database\BaseConnection->query('SELECT *
FROM `tmhs`', [], false)
 3 SYSTEMPATH\Model.php(242): CodeIgniter\Database\BaseBuilder->get()
 4 SYSTEMPATH\BaseModel.php(638): CodeIgniter\Model->doFindAll(0, 0)
 5 APPPATH\Controllers\Mahasiswa.php(21): CodeIgniter\BaseModel->findAll()
 6 SYSTEMPATH\CodeIgniter.php(941): App\Controllers\Mahasiswa->index()
 7 SYSTEMPATH\CodeIgniter.php(502): CodeIgniter\CodeIgniter->runController(Object(App\Controllers\Mahasiswa))
 8 SYSTEMPATH\CodeIgniter.php(361): CodeIgniter\CodeIgniter->handleRequest(null, Object(Config\Cache), false)
 9 FCPATH\index.php(79): CodeIgniter\CodeIgniter->run()
10 SYSTEMPATH\Commands\Server\rewrite.php(47): require_once('C:\\xampp\\htdocs\\projekci4\\public\\index.php')
