CRITICAL - 2024-03-13 02:52:43 --> ParseError: syntax error, unexpected single-quoted string "prodi", expecting "]"
in APPPATH\Controllers\Mahasiswa.php on line 27.
 1 SYSTEMPATH\Autoloader\Autoloader.php(288): CodeIgniter\Autoloader\Autoloader->includeFile('C:\\xampp\\htdocs\\projekci4\\app\\Controllers\\Mahasiswa.php')
 2 SYSTEMPATH\Autoloader\Autoloader.php(266): CodeIgniter\Autoloader\Autoloader->loadInNamespace('App\\Controllers\\Mahasiswa')
 3 [internal function]: CodeIgniter\Autoloader\Autoloader->loadClass('App\\Controllers\\Mahasiswa')
 4 SYSTEMPATH\CodeIgniter.php(899): class_exists('\\App\\Controllers\\Mahasiswa', true)
 5 SYSTEMPATH\CodeIgniter.php(489): CodeIgniter\CodeIgniter->startController()
 6 SYSTEMPATH\CodeIgniter.php(361): CodeIgniter\CodeIgniter->handleRequest(null, Object(Config\Cache), false)
 7 FCPATH\index.php(79): CodeIgniter\CodeIgniter->run()
 8 SYSTEMPATH\Commands\Server\rewrite.php(47): require_once('C:\\xampp\\htdocs\\projekci4\\public\\index.php')
WARNING - 2024-03-13 03:03:54 --> [DEPRECATED] Creation of dynamic property App\Controllers\Mahasiswa::$ProdiModel is deprecated in APPPATH\Controllers\Mahasiswa.php on line 16.
 1 SYSTEMPATH\CodeIgniter.php(913): App\Controllers\Mahasiswa->__construct()
 2 SYSTEMPATH\CodeIgniter.php(493): CodeIgniter\CodeIgniter->createController()
 3 SYSTEMPATH\CodeIgniter.php(361): CodeIgniter\CodeIgniter->handleRequest(null, Object(Config\Cache), false)
 4 FCPATH\index.php(79): CodeIgniter\CodeIgniter->run()
 5 SYSTEMPATH\Commands\Server\rewrite.php(47): require_once('C:\\xampp\\htdocs\\projekci4\\public\\index.php')
CRITICAL - 2024-03-13 03:03:54 --> Error: Call to a member function getJurusanProdi() on null
in APPPATH\Controllers\Mahasiswa.php on line 23.
 1 SYSTEMPATH\CodeIgniter.php(941): App\Controllers\Mahasiswa->index()
 2 SYSTEMPATH\CodeIgniter.php(502): CodeIgniter\CodeIgniter->runController(Object(App\Controllers\Mahasiswa))
 3 SYSTEMPATH\CodeIgniter.php(361): CodeIgniter\CodeIgniter->handleRequest(null, Object(Config\Cache), false)
 4 FCPATH\index.php(79): CodeIgniter\CodeIgniter->run()
 5 SYSTEMPATH\Commands\Server\rewrite.php(47): require_once('C:\\xampp\\htdocs\\projekci4\\public\\index.php')
WARNING - 2024-03-13 03:04:33 --> [DEPRECATED] Creation of dynamic property App\Controllers\Mahasiswa::$ProdiModel is deprecated in APPPATH\Controllers\Mahasiswa.php on line 16.
 1 SYSTEMPATH\CodeIgniter.php(913): App\Controllers\Mahasiswa->__construct()
 2 SYSTEMPATH\CodeIgniter.php(493): CodeIgniter\CodeIgniter->createController()
 3 SYSTEMPATH\CodeIgniter.php(361): CodeIgniter\CodeIgniter->handleRequest(null, Object(Config\Cache), false)
 4 FCPATH\index.php(79): CodeIgniter\CodeIgniter->run()
 5 SYSTEMPATH\Commands\Server\rewrite.php(47): require_once('C:\\xampp\\htdocs\\projekci4\\public\\index.php')
CRITICAL - 2024-03-13 03:04:33 --> Error: Call to a member function getJurusanProdi() on null
in APPPATH\Controllers\Mahasiswa.php on line 23.
 1 SYSTEMPATH\CodeIgniter.php(941): App\Controllers\Mahasiswa->index()
 2 SYSTEMPATH\CodeIgniter.php(502): CodeIgniter\CodeIgniter->runController(Object(App\Controllers\Mahasiswa))
 3 SYSTEMPATH\CodeIgniter.php(361): CodeIgniter\CodeIgniter->handleRequest(null, Object(Config\Cache), false)
 4 FCPATH\index.php(79): CodeIgniter\CodeIgniter->run()
 5 SYSTEMPATH\Commands\Server\rewrite.php(47): require_once('C:\\xampp\\htdocs\\projekci4\\public\\index.php')
WARNING - 2024-03-13 03:04:34 --> [DEPRECATED] Creation of dynamic property App\Controllers\Mahasiswa::$ProdiModel is deprecated in APPPATH\Controllers\Mahasiswa.php on line 16.
 1 SYSTEMPATH\CodeIgniter.php(913): App\Controllers\Mahasiswa->__construct()
 2 SYSTEMPATH\CodeIgniter.php(493): CodeIgniter\CodeIgniter->createController()
 3 SYSTEMPATH\CodeIgniter.php(361): CodeIgniter\CodeIgniter->handleRequest(null, Object(Config\Cache), false)
 4 FCPATH\index.php(79): CodeIgniter\CodeIgniter->run()
 5 SYSTEMPATH\Commands\Server\rewrite.php(47): require_once('C:\\xampp\\htdocs\\projekci4\\public\\index.php')
CRITICAL - 2024-03-13 03:04:34 --> Error: Call to a member function getJurusanProdi() on null
in APPPATH\Controllers\Mahasiswa.php on line 23.
 1 SYSTEMPATH\CodeIgniter.php(941): App\Controllers\Mahasiswa->index()
 2 SYSTEMPATH\CodeIgniter.php(502): CodeIgniter\CodeIgniter->runController(Object(App\Controllers\Mahasiswa))
 3 SYSTEMPATH\CodeIgniter.php(361): CodeIgniter\CodeIgniter->handleRequest(null, Object(Config\Cache), false)
 4 FCPATH\index.php(79): CodeIgniter\CodeIgniter->run()
 5 SYSTEMPATH\Commands\Server\rewrite.php(47): require_once('C:\\xampp\\htdocs\\projekci4\\public\\index.php')
CRITICAL - 2024-03-13 03:26:05 --> ErrorException: Undefined variable $prodi
in APPPATH\Views\mahasiswa\v_mahasiswa.php on line 126.
 1 APPPATH\Views\mahasiswa\v_mahasiswa.php(126): CodeIgniter\Debug\Exceptions->errorHandler(2, 'Undefined variable $prodi', 'C:\\xampp\\htdocs\\projekci4\\app\\Views\\mahasiswa\\v_mahasiswa.php', 126)
 2 SYSTEMPATH\View\View.php(228): include('C:\\xampp\\htdocs\\projekci4\\app\\Views\\mahasiswa\\v_mahasiswa.php')
 3 SYSTEMPATH\View\View.php(231): CodeIgniter\View\View->CodeIgniter\View\{closure}()
 4 SYSTEMPATH\Common.php(1178): CodeIgniter\View\View->render('mahasiswa/v_mahasiswa', [], true)
 5 APPPATH\Controllers\Mahasiswa.php(29): view('mahasiswa/v_mahasiswa', [...])
 6 SYSTEMPATH\CodeIgniter.php(941): App\Controllers\Mahasiswa->index()
 7 SYSTEMPATH\CodeIgniter.php(502): CodeIgniter\CodeIgniter->runController(Object(App\Controllers\Mahasiswa))
 8 SYSTEMPATH\CodeIgniter.php(361): CodeIgniter\CodeIgniter->handleRequest(null, Object(Config\Cache), false)
 9 FCPATH\index.php(79): CodeIgniter\CodeIgniter->run()
10 SYSTEMPATH\Commands\Server\rewrite.php(47): require_once('C:\\xampp\\htdocs\\projekci4\\public\\index.php')
